Arguments: 
  C:\Program Files\nodejs\node.exe C:\Program Files (x86)\Yarn\bin\yarn.js add @type/msgpack-lite

PATH: 
  D:\Program Files (x86)\NetSarang\Xshell 6\;C:\Windows\system32;C:\Windows;C:\Windows\System32\Wbem;C:\Windows\System32\WindowsPowerShell\v1.0\;C:\Windows\System32\OpenSSH\;D:\Program Files\TortoiseSVN\bin;C:\Program Files\dotnet\;C:\Program Files\Microsoft SQL Server\130\Tools\Binn\;D:\Program Files\Cmder;C:\Program Files (x86)\Yarn\bin\;C:\Program Files\Git\cmd;%NVM_HOME%;%NVM_SYMLINK%;C:\Users\Admin\AppData\Local\Microsoft\WindowsApps;D:\Program Files\Microsoft VS Code\bin;d:\Program Files\Bandizip\;C:\Users\Admin\AppData\Local\Yarn\bin;C:\Program Files\erl10.5\bin;C:\Users\Admin\AppData\Local\BypassRuntm;C:\Users\Admin\AppData\Roaming\nvm;C:\Program Files\nodejs

Yarn version: 
  1.17.3

Node version: 
  12.18.2

Platform: 
  win32 x64

Trace: 
  Error: https://registry.npm.taobao.org/@type%2fmsgpack-lite: Not found
      at Request.params.callback [as _callback] (C:\Program Files (x86)\Yarn\lib\cli.js:65939:18)
      at Request.self.callback (C:\Program Files (x86)\Yarn\lib\cli.js:140464:22)
      at Request.emit (events.js:315:20)
      at Request.<anonymous> (C:\Program Files (x86)\Yarn\lib\cli.js:141436:10)
      at Request.emit (events.js:315:20)
      at IncomingMessage.<anonymous> (C:\Program Files (x86)\Yarn\lib\cli.js:141358:12)
      at Object.onceWrapper (events.js:421:28)
      at IncomingMessage.emit (events.js:327:22)
      at endReadableNT (_stream_readable.js:1221:12)
      at processTicksAndRejections (internal/process/task_queues.js:84:21)

npm manifest: 
  {
    "name": "websocket-jsonrpc",
    "version": "1.0.0",
    "description": "基于WebSocket+JSONRPC+msgpack封装的实时通讯函数",
    "main": "index.js",
    "scripts": {
      "test": "echo \"Error: no test specified\" && exit 1"
    },
    "repository": {
      "type": "git",
      "url": "git+https://github.com/Hxgh/websocket-jsonrpc.git"
    },
    "author": "",
    "license": "ISC",
    "bugs": {
      "url": "https://github.com/Hxgh/websocket-jsonrpc/issues"
    },
    "homepage": "https://github.com/Hxgh/websocket-jsonrpc#readme",
    "devDependencies": {
      "typescript": "^3.9.7"
    },
    "dependencies": {
      "msgpack-lite": "^0.1.26"
    }
  }

yarn manifest: 
  No manifest

Lockfile: 
  # THIS IS AN AUTOGENERATED FILE. DO NOT EDIT THIS FILE DIRECTLY.
  # yarn lockfile v1
  
  
  event-lite@^0.1.1:
    version "0.1.2"
    resolved "https://registry.npm.taobao.org/event-lite/download/event-lite-0.1.2.tgz#838a3e0fdddef8cc90f128006c8e55a4e4e4c11b"
    integrity sha1-g4o+D93e+MyQ8SgAbI5VpOTkwRs=
  
  ieee754@^1.1.8:
    version "1.1.13"
    resolved "https://registry.npm.taobao.org/ieee754/download/ieee754-1.1.13.tgz#ec168558e95aa181fd87d37f55c32bbcb6708b84"
    integrity sha1-7BaFWOlaoYH9h9N/VcMrvLZwi4Q=
  
  int64-buffer@^0.1.9:
    version "0.1.10"
    resolved "https://registry.npm.taobao.org/int64-buffer/download/int64-buffer-0.1.10.tgz#277b228a87d95ad777d07c13832022406a473423"
    integrity sha1-J3siiofZWtd30HwTgyAiQGpHNCM=
  
  isarray@^1.0.0:
    version "1.0.0"
    resolved "https://registry.npm.taobao.org/isarray/download/isarray-1.0.0.tgz#bb935d48582cba168c06834957a54a3e07124f11"
    integrity sha1-u5NdSFgsuhaMBoNJV6VKPgcSTxE=
  
  msgpack-lite@^0.1.26:
    version "0.1.26"
    resolved "https://registry.npm.taobao.org/msgpack-lite/download/msgpack-lite-0.1.26.tgz#dd3c50b26f059f25e7edee3644418358e2a9ad89"
    integrity sha1-3TxQsm8FnyXn7e42REGDWOKprYk=
    dependencies:
      event-lite "^0.1.1"
      ieee754 "^1.1.8"
      int64-buffer "^0.1.9"
      isarray "^1.0.0"
  
  typescript@^3.9.7:
    version "3.9.7"
    resolved "https://registry.npm.taobao.org/typescript/download/typescript-3.9.7.tgz?cache=0&sync_timestamp=1595919274277&other_urls=https%3A%2F%2Fregistry.npm.taobao.org%2Ftypescript%2Fdownload%2Ftypescript-3.9.7.tgz#98d600a5ebdc38f40cb277522f12dc800e9e25fa"
    integrity sha1-mNYApevcOPQMsndSLxLcgA6eJfo=
